<testStep>
	<message>MSH|^~\&amp;|TEST_HARNESS|TEST|CR1|MOH_CAAT|20090223144546|TEST_HARNESS+TEST_HARNESS|QBP^Q23^QBP_Q21|TEST-CR-10-30|P|2.5
QPD|IHE PIX Query|Q1030|RJ-444^^^TEST^PI|^^^RANDOM
RCP|I</message>
	<assertions>
		<assert terserString="MSA-1" value="AE" />
		
        	
	</assertions>
</testStep>