<testStep>
	<description>Test harness verifies demographics data matches by executing a PDQ query with the patientâ€™s identifier</description>
	<message>MSH|^~\&amp;|TEST_HARNESS|TEST|CR1|MOH_CAAT|20090226131520-0600|TEST_HARNESS+TEST_HARNESS|QBP^Q22^QBP_Q21|TEST-CR-08-30|P|2.5
QPD|Q22^Find Candidates^HL7|Q0740|@PID.3.1^RJ-442~@PID.3.4.1^TEST
RCP|I|10^RD</message>
	<assertions>
		<assert terserString="MSA-1" value="AA" alternate="true" />
		<assert terserString="MSA-1" value="CA" alternate="true" />
		<assert terserString="/.PID-1" value="1" />
		<assert terserString="/.PID-3(1)-1" value="RJ-442" />
		<assert terserString="/.PID-5-1" value="FOSTER" />
		<assert terserString="/.PID-5-2" value="FANNY" />
		<assert terserString="/.PID-5-3" value="FULL" />
		<assert terserString="/.PID-5-7" value="L" />
		<assert terserString="/.PID-6-1" value="FOSTER" />
		<assert terserString="/.PID-6-2" value="MARY" />
		<assert terserString="/.PID-6-7" value="L" />
		<assert terserString="/.PID-7" value="1970" />
		<assert terserString="/.PID-8" value="F" />
		<assert terserString="/.PID-11-1" value="123 W34 St" />
		<assert terserString="/.PID-11-3" value="FRESNO" />
		<assert terserString="/.PID-11-4" value="CA" />
		<assert terserString="/.PID-11-5" value="30495" />
		<assert terserString="/.PID-13-2" value="PRN" />
		<assert terserString="/.PID-13-3" value="PH" />
		<assert terserString="/.PID-13-6" value="419" />
		<assert terserString="/.PID-13-7" value="31495" />
		<assert terserString="/.PID-14-3" value="PH" />
		<assert terserString="/.PID-14-6" value="034" />
		<assert terserString="/.PID-14-7" value="059434" />
		<assert terserString="/.PID-15" value="en" />
		<assert terserString="/.PID-16" value="S" />
		
		
        	
	</assertions>
</testStep>