<testStep>
	<message>MSH|^~\&amp;|TEST_HARNESS_B^^|TEST^^|CR1^^|MOH_CAAT^^|20141104174451|TEST_HARNESS+TEST_HARNESS|ADT^A01^ADT_A01|TEST-CR-18-30|P|2.3.1
EVN||20141001
PID|||RB-469^^^TEST_B||JONES^YAN^^^^^L||19900404|M|||||||||||NID-000345439^^^NID
PV1||I</message>
	<assertions>
		<assert terserString="MSA-1" value="AA" />
		<assert terserString="MSH-5" value="TEST_HARNESS_B" />
		<assert terserString="MSH-6" value="TEST" />
		
        	
	</assertions>
</testStep>