<testStep>
	<message>MSH|^~\&amp;|TEST_HARNESS|TEST|CR1|MOH_CAAT|20090226131520-0600|TEST_HARNESS+TEST_HARNESS|QBP^Q22^QBP_Q21|TEST-CR-08-30|P|2.5
QPD|Q22^Find Candidates^HL7|Q0740|@PID.3.1^RJ-442~@PID.3.4.1^TEST
RCP|I|10^RD</message>
	<assertions>
		<assert terserString="MSA-1" value="AA" />
		<assert terserString="/.PID-1" value="1" />
		<assert terserString="/.PID-3(1)-1" value="RJ-442" />
		<assert terserString="/.PID-5" value="RJ-442" />
		
        	
	</assertions>
</testStep>