<testStep>
	<description>Test harness sends a PDQ message containing a phonetically equivalent name of a known patient to the receiver:Test harness sends a PDQ message containing a wildcard match which is known to the receiver:</description>
	<message>MSH|^~\&amp;|TEST_HARNESS|TEST|CR1|MOH_CAAT|20090226131520-0600|TEST_HARNESS+TEST_HARNESS|QBP^Q22^QBP_Q21|TEST-CR-12-60|P|2.5
QPD|Q22^Find Candidates^HL7|Q1260|@PID.5.1^JONEZ~@PID.5.2^JENIPHER|||||
RCP|I|10^RD</message>
	<assertions>
		<assert terserString="MSA-1" value="AA" alternate="true" />
		<assert terserString="MSA-1" value="CA" alternate="true" />
		<assert terserString="QAK-2" value="OK" />
		<assert terserString="QRI-3" value="" />
		
        	
	</assertions>
</testStep>