<testStep>
	<description>Test harness requests the receiver to explicitly give it the domain identifier from a valid domain (NID) for which no identifiers have been associated with the patient by sending:</description>
	<message>MSH|^~\&amp;|TEST_HARNESS|TEST|CR1|MOH_CAAT|20090223144546|TEST_HARNESS+TEST_HARNESS|QBP^Q23^QBP_Q21|TEST-CR-10-40|P|2.5
QPD|IHE PIX Query|Q1040|RJ-444^^^TEST^PI|^^^NID
RCP|I</message>
	<assertions>
		<assert terserString="MSA-1" value="AA" />
		
        	
	</assertions>
</testStep>