<testStep>
	<description>Test harness sends a query to verify there are two Jennifer Jones with identifiers assigned in TEST domain.</description>
	<message>MSH|^~\&amp;|TEST_HARNESS|TEST|CR1|MOH_CAAT|20090226131520-0600|TEST_HARNESS+TEST_HARNESS|QBP^Q22^QBP_Q21|TEST-CR-16-20|P|2.5
QPD|Q22^Find Candidates^HL7|Q1620|@PID.5.1^JONES|||||^^^TEST
RCP|I|10^RD</message>
	<assertions>
		<assert terserString="MSA-1" value="AA" />
		
        	
	</assertions>
</testStep>