<testStep>
	<description>Test harness verifies the record from TEST_B is linked with TEST_A via the NID</description>
	<message>MSH|^~\&amp;|TEST_HARNESS_A|TEST|CR1|MOH_CAAT|20090223144546|TEST_HARNESS+TEST_HARNESS|QBP^Q23^QBP_Q21|TEST-CR-06-40|P|2.5
QPD|IHE PIX Query|RB-469^^^NID^PI
RCP|I</message>
	<assertions>
		<assert terserString="MSA-1" value="AA" alternate="true" />
		<assert terserString="MSA-1" value="CA" alternate="true" />
		<assert terserString="/.PID(0)-3-1" value="RJ-449" />
		
		
		
        	
	</assertions>
</testStep>