<testStep>
	<description>Test harness sends a query with fuzzy date of birth and patientâ€™s name which results in a match.</description>
	<message>MSH|^~\&amp;|TEST_HARNESS|TEST|CR1|MOH_CAAT|20090226131520-0600|TEST_HARNESS+TEST_HARNESS|QBP^Q22^QBP_Q21|TEST-CR-15-30|P|2.5
QPD|Q22^Find Candidates^HL7|Q1530|@PID.7^1984~@PID.5.1^JONES~@PID.5.2^JENNIFER
RCP|I|10^RD</message>
	<assertions>
		<assert terserString="MSA-1" value="AA" alternate="true" />
		<assert terserString="MSA-1" value="CA" alternate="true" />
		<assert terserString="/.PID-3-1" value="RJ-439" />
		<assert terserString="QAK-2" value="OK" />
		
        	
	</assertions>
</testStep>