<testStep>
	<description>Test harness may send a query to verify there are still two Jennifer Jones in the target (i.e. the old record still exists, but the identifiers were merely merged).</description>
	<message>MSH|^~\&amp;|TEST_HARNESS|TEST|CR1|MOH_CAAT|20090226131520-0600|TEST_HARNESS+TEST_HARNESS|QBP^Q22^QBP_Q21|TEST-CR-16-60|P|2.5
QPD|Q22^Find Candidates^HL7|Q1660|@PID.5.1^JONES
RCP|I|10^RD</message>
	<assertions>
		<assert terserString="MSA-1" value="AA" />
		
        	
	</assertions>
</testStep>