<testStep>
	<description>Test harness sends ADT^A01 message where the CX.4 of the PID is missing.</description>
	<message>MSH|^~\&amp;|TEST_HARNESS^^|TEST^^|CR1^^|MOH_CAAT^^|20141104174451|TEST_HARNESS+TEST_HARNESS|ADT^A01^ADT_A01| TEST-CR-01-10|P|2.3.1
EVN||20101020
PID|||RJ-438^^^&amp;&amp;||JOHNSTON^ROBERT^^^^^L|MURRAY^^^^^^L|19830205|M|||1220 Centennial Farm Road^^ELLIOTT^IA^51532||^PRN^PH^^^712^7670867||||||481-27-4185
PV1||I</message>
	<assertions>
		<assert terserString="MSA-1" value="AR" />
		<assert terserString="MSH-9-1" value="ACK" />
		<assert terserString="MSH-9-2" value="A01" />
        <assert terserString="MSH-12" value="2.3.1" />
    </assertions>
</testStep>