<testStep>
	<description>Test harness sends PIX query for identifier RJ-443 (an un-registered patient) and validates the receiver behaves appropriately.</description>
	<message>MSH|^~\&amp;|TEST_HARNESS|TEST|CR1|MOH_CAAT|20090223144546|TEST_HARNESS+TEST_HARNESS|QBP^Q23^QBP_Q21|TEST-CR-09-10|P|2.5
QPD|IHE PIX Query|Q0910|RJ-443^^^TEST^PI
RCP|I</message>
	<assertions>
		<assert terserString="MSA-1" value="AE" />
		
        	
	</assertions>
</testStep>