<testStep>
	<description>Test harness verifies the identifier was merged using the following PIX query.</description>
	<message>MSH|^~\&amp;|TEST_HARNESS|TEST|CR1|MOH_CAAT|20090223144546|TEST_HARNESS+TEST_HARNESS|QBP^Q23^QBP_Q21|TEST-CR-16-40|P|2.5
QPD|IHE PIX Query|Q1640|RJ-439^^^TEST^PI|^^^TEST
RCP|I</message>
	<assertions>
		<assert terserString="MSA-1" value="AA" alternate="true" />
		<assert terserString="MSA-1" value="CA" alternate="true" />
		<assert terserString="/.PID(0)-3-1" value="RJ-439" />
		<assert terserString="/.PID(1)-3-1" value="RJ-999" />
		<assert terserString="QAK-2" value="OK" />
		
        	
	</assertions>
</testStep>