<testStep>
	<description>Test harness sends a PDQ message containing a name variant match which is known to the receiver:</description>
	<message>MSH|^~\&amp;|TEST_HARNESS|TEST|CR1|MOH_CAAT|20090226131520-0600|TEST_HARNESS+TEST_HARNESS|QBP^Q22^QBP_Q21|TEST-CR-12-70|P|2.5
QPD|Q22^Find Candidates^HL7|Q1270|@PID.5.1^JONES~@PID.5.2^JENN|||||
RCP|I|10^RD</message>
	<assertions>
		<assert terserString="MSA-1" value="AA" />
		
        	
	</assertions>
</testStep>