<testStep>
	<description>Test harness verifies the infant record was created in the receiver.</description>
	<message>MSH|^~\&amp;|TEST_HARNESS|TEST|CR1|MOH_CAAT|20090226131520-0600|TEST_HARNESS+TEST_HARNESS|QBP^Q22^QBP_Q21|TEST-CR-13-30|P|2.5
QPD|Q22^Find Candidates^HL7|Q0740|@PID.6.1^JONES~@PID.6.2^JENNIFER
RCP|I|10^RD</message>
	<assertions>
		<assert terserString="MSA-1" value="AA" />
		
        	
	</assertions>
</testStep>