<testStep>
	<description>Test harness verifies the infant record was created in the receiver.</description>
	<message>MSH|^~\&amp;|TEST_HARNESS|TEST|CR1|MOH_CAAT|20090223144546|TEST_HARNESS+TEST_HARNESS|QBP^Q23^QBP_Q21|TEST-CR-07-30|P|2.5
QPD|IHE PIX Query|Q0530|RJ-440^^^TEST^PI
RCP|I</message>
	<assertions>
		<assert terserString="MSA-1" value="AA" />
		<assert terserString="/.PID-1" value="1" />
		<assert terserString="/.PID-3(1)-1" value="RJ-440" />
		
        	
	</assertions>
</testStep>