<testStep>
	<message>MSH|^~\&amp;|TEST_HARNESS|TEST|CR1|MOH_CAAT|20090223144546|TEST_HARNESS+TEST_HARNESS|QBP^Q23^QBP_Q21|TEST-CR-16-40|P|2.5
QPD|IHE PIX Query|Q1640|RJ-439^^^TEST^PI|^^^TEST
RCP|I</message>
	<assertions>
		<assert terserString="MSA-1" value="AA" />
		
        	
	</assertions>
</testStep>